13/11/2024 T 15:49:08 Server is running at PORT:8000
13/11/2024 T 15:49:10 Connection Successful:)
13/11/2024 T 15:50:00 allusers for start keaap alive functions  
13/11/2024 T 15:50:00 Username:-  karan
13/11/2024 T 15:50:00 FB token not availiable
13/11/2024 T 15:50:00 Username:-  shivay
13/11/2024 T 15:50:00 FB token not availiable
13/11/2024 T 15:50:00 Username:-  Shiv shambu
13/11/2024 T 15:50:00 FB token not availiable
13/11/2024 T 15:50:00 Username:-  Story Time
13/11/2024 T 15:50:00 FB token not availiable
13/11/2024 T 15:50:00 Username:-  Nina
13/11/2024 T 15:50:00 FB token not availiable
13/11/2024 T 15:50:00 Username:-  Demo
13/11/2024 T 15:50:00 FB token not availiable
13/11/2024 T 15:50:00 Username:-  kkk
13/11/2024 T 15:50:00 FB token not availiable
13/11/2024 T 15:50:00 Username:-  rajesgh
13/11/2024 T 15:50:00 FB token not availiable
13/11/2024 T 15:50:00 Username:-  naina nayak
13/11/2024 T 15:50:00 FB token not availiable
13/11/2024 T 15:50:00 Username:-  Shivani Sahu
13/11/2024 T 15:50:00 FB token not availiable
13/11/2024 T 15:50:00 Username:-  Karan Ghorse
13/11/2024 T 15:50:00 FB token not availiable
13/11/2024 T 15:50:00 Username:-  Naina Nayak
13/11/2024 T 15:50:00 FB token not availiable
13/11/2024 T 15:50:00 Username:-  Naina Nayak
13/11/2024 T 15:50:00 User FB token :-  EAAGWQI5stPcBO3hZAxS9hZBJGzxzsklmnah7OO6Di32KMZBKlMxaKqRXK6rpdNnoeeq6ebGTmCp4koU4jPzkIfgK5MGTtNtZCnWx3bOL8iRZA5c8gnA21NSNlnhg7dnZBG86PPeZC5Ia3B9uoyb3wZAWGxkLCf386nUxzxF0wEIdpfEolKZBF5C7msWSbOloqSHF6d93bWhPFk0ZCDXC15aiZA7TQdEZAk85rQr53zNumJ2vwZCPu4s7ZAMCJdIesJKRrPhJfQDAZDZD
13/11/2024 T 15:50:00 0 aagyi lead
13/11/2024 T 15:50:03 Total pages fetched: 1
13/11/2024 T 15:50:03 Processing page: Web Soft Valley Technologies (ID: 1062263437250835)
13/11/2024 T 15:50:03 Forms fetched for page Web Soft Valley Technologies: 12
13/11/2024 T 15:50:03 Fetching leads for form: WSV-Ecommerce-inquiry-USA (ID: 435844565878579)
13/11/2024 T 15:50:04 Total leads fetched for form WSV-Ecommerce-inquiry-USA: 0
13/11/2024 T 15:50:04 Fetching leads for form: WSV_BPL_FORM-copy (ID: 478791208014566)
13/11/2024 T 15:50:05 Error fetching leads for form WSV_BPL_FORM-copy: Request failed with status code 400
13/11/2024 T 15:50:05 Fetching leads for form: WSV_BPL_FORM (ID: 1139746787040177)
13/11/2024 T 15:50:05 Error fetching leads for form WSV_BPL_FORM: Request failed with status code 400
13/11/2024 T 15:50:05 Fetching leads for form: WSV-Ecommerce-inquiry-copy (ID: 312162618582684)
13/11/2024 T 15:50:06 Error fetching leads for form WSV-Ecommerce-inquiry-copy: Request failed with status code 400
13/11/2024 T 15:50:06 Fetching leads for form: WSV-Ecommerce-inquiry (ID: 944797823847043)
13/11/2024 T 15:50:06 Error fetching leads for form WSV-Ecommerce-inquiry: Request failed with status code 400
13/11/2024 T 15:50:06 Fetching leads for form: WSV-form 2024-03-12 (ID: 973706101142690)
13/11/2024 T 15:50:07 Error fetching leads for form WSV-form 2024-03-12: Request failed with status code 400
13/11/2024 T 15:50:07 Fetching leads for form: WSV-USA (ID: 863586121922074)
13/11/2024 T 15:50:07 Error fetching leads for form WSV-USA: Request failed with status code 400
13/11/2024 T 15:50:07 Fetching leads for form: WSV-IND-5k-Offer (ID: 3149346392039107)
13/11/2024 T 15:50:07 Error fetching leads for form WSV-IND-5k-Offer: Request failed with status code 400
13/11/2024 T 15:50:07 Fetching leads for form: web soft valley form-converted (ID: 274414704986762)
13/11/2024 T 15:50:08 Total leads fetched for form web soft valley form-converted: 0
13/11/2024 T 15:50:08 Fetching leads for form: Untitled form 03/18/23, 4:57 PM (ID: 588122046561462)
13/11/2024 T 15:50:08 Error fetching leads for form Untitled form 03/18/23, 4:57 PM: Request failed with status code 400
13/11/2024 T 15:50:08 Fetching leads for form: web soft valley form (ID: 1510984725653262)
13/11/2024 T 15:50:09 Error fetching leads for form web soft valley form: Request failed with status code 400
13/11/2024 T 15:50:09 Fetching leads for form: Untitled form 2017-09-30 (ID: 135181980556689)
13/11/2024 T 15:50:09 Error fetching leads for form Untitled form 2017-09-30: Request failed with status code 400
13/11/2024 T 15:51:00 allusers for start keaap alive functions  
13/11/2024 T 15:51:00 Username:-  karan
13/11/2024 T 15:51:00 FB token not availiable
13/11/2024 T 15:51:00 Username:-  shivay
13/11/2024 T 15:51:00 FB token not availiable
13/11/2024 T 15:51:00 Username:-  Shiv shambu
13/11/2024 T 15:51:00 FB token not availiable
13/11/2024 T 15:51:00 Username:-  Story Time
13/11/2024 T 15:51:00 FB token not availiable
13/11/2024 T 15:51:00 Username:-  Nina
13/11/2024 T 15:51:00 FB token not availiable
13/11/2024 T 15:51:00 Username:-  Demo
13/11/2024 T 15:51:00 FB token not availiable
13/11/2024 T 15:51:00 Username:-  kkk
13/11/2024 T 15:51:00 FB token not availiable
13/11/2024 T 15:51:00 Username:-  rajesgh
13/11/2024 T 15:51:00 FB token not availiable
13/11/2024 T 15:51:00 Username:-  naina nayak
13/11/2024 T 15:51:00 FB token not availiable
13/11/2024 T 15:51:00 Username:-  Shivani Sahu
13/11/2024 T 15:51:00 FB token not availiable
13/11/2024 T 15:51:00 Username:-  Karan Ghorse
13/11/2024 T 15:51:00 FB token not availiable
13/11/2024 T 15:51:00 Username:-  Naina Nayak
13/11/2024 T 15:51:00 FB token not availiable
13/11/2024 T 15:51:00 Username:-  Naina Nayak
13/11/2024 T 15:51:00 User FB token :-  EAAGWQI5stPcBO3hZAxS9hZBJGzxzsklmnah7OO6Di32KMZBKlMxaKqRXK6rpdNnoeeq6ebGTmCp4koU4jPzkIfgK5MGTtNtZCnWx3bOL8iRZA5c8gnA21NSNlnhg7dnZBG86PPeZC5Ia3B9uoyb3wZAWGxkLCf386nUxzxF0wEIdpfEolKZBF5C7msWSbOloqSHF6d93bWhPFk0ZCDXC15aiZA7TQdEZAk85rQr53zNumJ2vwZCPu4s7ZAMCJdIesJKRrPhJfQDAZDZD
13/11/2024 T 15:51:00 1 aagyi lead
13/11/2024 T 15:51:01 Total pages fetched: 1
13/11/2024 T 15:51:01 Processing page: Web Soft Valley Technologies (ID: 1062263437250835)
13/11/2024 T 15:51:01 Forms fetched for page Web Soft Valley Technologies: 12
13/11/2024 T 15:51:01 Fetching leads for form: WSV-Ecommerce-inquiry-USA (ID: 435844565878579)
13/11/2024 T 15:51:02 Error fetching leads for form WSV-Ecommerce-inquiry-USA: Request failed with status code 400
13/11/2024 T 15:51:02 Fetching leads for form: WSV_BPL_FORM-copy (ID: 478791208014566)
13/11/2024 T 15:51:02 Error fetching leads for form WSV_BPL_FORM-copy: Request failed with status code 400
13/11/2024 T 15:51:02 Fetching leads for form: WSV_BPL_FORM (ID: 1139746787040177)
13/11/2024 T 15:51:02 Error fetching leads for form WSV_BPL_FORM: Request failed with status code 400
13/11/2024 T 15:51:02 Fetching leads for form: WSV-Ecommerce-inquiry-copy (ID: 312162618582684)
13/11/2024 T 15:51:03 Error fetching leads for form WSV-Ecommerce-inquiry-copy: Request failed with status code 400
13/11/2024 T 15:51:03 Fetching leads for form: WSV-Ecommerce-inquiry (ID: 944797823847043)
13/11/2024 T 15:51:03 Error fetching leads for form WSV-Ecommerce-inquiry: Request failed with status code 400
13/11/2024 T 15:51:03 Fetching leads for form: WSV-form 2024-03-12 (ID: 973706101142690)
13/11/2024 T 15:51:03 Total leads fetched for form WSV-form 2024-03-12: 0
13/11/2024 T 15:51:03 Fetching leads for form: WSV-USA (ID: 863586121922074)
13/11/2024 T 15:51:04 Error fetching leads for form WSV-USA: Request failed with status code 400
13/11/2024 T 15:51:04 Fetching leads for form: WSV-IND-5k-Offer (ID: 3149346392039107)
13/11/2024 T 15:51:04 Error fetching leads for form WSV-IND-5k-Offer: Request failed with status code 400
13/11/2024 T 15:51:04 Fetching leads for form: web soft valley form-converted (ID: 274414704986762)
13/11/2024 T 15:51:04 Total leads fetched for form web soft valley form-converted: 0
13/11/2024 T 15:51:04 Fetching leads for form: Untitled form 03/18/23, 4:57 PM (ID: 588122046561462)
13/11/2024 T 15:51:05 Error fetching leads for form Untitled form 03/18/23, 4:57 PM: Request failed with status code 400
13/11/2024 T 15:51:05 Fetching leads for form: web soft valley form (ID: 1510984725653262)
13/11/2024 T 15:51:05 Error fetching leads for form web soft valley form: Request failed with status code 400
13/11/2024 T 15:51:05 Fetching leads for form: Untitled form 2017-09-30 (ID: 135181980556689)
13/11/2024 T 15:51:05 Total leads fetched for form Untitled form 2017-09-30: 0
13/11/2024 T 15:52:00 allusers for start keaap alive functions  
13/11/2024 T 15:52:01 Username:-  karan
13/11/2024 T 15:52:01 FB token not availiable
13/11/2024 T 15:52:01 Username:-  shivay
13/11/2024 T 15:52:01 FB token not availiable
13/11/2024 T 15:52:01 Username:-  Shiv shambu
13/11/2024 T 15:52:01 FB token not availiable
13/11/2024 T 15:52:01 Username:-  Story Time
13/11/2024 T 15:52:01 FB token not availiable
13/11/2024 T 15:52:01 Username:-  Nina
13/11/2024 T 15:52:01 FB token not availiable
13/11/2024 T 15:52:01 Username:-  Demo
13/11/2024 T 15:52:01 FB token not availiable
13/11/2024 T 15:52:01 Username:-  kkk
13/11/2024 T 15:52:01 FB token not availiable
13/11/2024 T 15:52:01 Username:-  rajesgh
13/11/2024 T 15:52:01 FB token not availiable
13/11/2024 T 15:52:01 Username:-  naina nayak
13/11/2024 T 15:52:01 FB token not availiable
13/11/2024 T 15:52:01 Username:-  Shivani Sahu
13/11/2024 T 15:52:01 FB token not availiable
13/11/2024 T 15:52:01 Username:-  Karan Ghorse
13/11/2024 T 15:52:01 FB token not availiable
13/11/2024 T 15:52:01 Username:-  Naina Nayak
13/11/2024 T 15:52:01 FB token not availiable
13/11/2024 T 15:52:01 Username:-  Naina Nayak
13/11/2024 T 15:52:01 User FB token :-  EAAGWQI5stPcBO3hZAxS9hZBJGzxzsklmnah7OO6Di32KMZBKlMxaKqRXK6rpdNnoeeq6ebGTmCp4koU4jPzkIfgK5MGTtNtZCnWx3bOL8iRZA5c8gnA21NSNlnhg7dnZBG86PPeZC5Ia3B9uoyb3wZAWGxkLCf386nUxzxF0wEIdpfEolKZBF5C7msWSbOloqSHF6d93bWhPFk0ZCDXC15aiZA7TQdEZAk85rQr53zNumJ2vwZCPu4s7ZAMCJdIesJKRrPhJfQDAZDZD
13/11/2024 T 15:52:01 2 aagyi lead
13/11/2024 T 15:52:02 Total pages fetched: 1
13/11/2024 T 15:52:02 Processing page: Web Soft Valley Technologies (ID: 1062263437250835)
13/11/2024 T 15:52:02 Forms fetched for page Web Soft Valley Technologies: 12
13/11/2024 T 15:52:02 Fetching leads for form: WSV-Ecommerce-inquiry-USA (ID: 435844565878579)
13/11/2024 T 15:52:03 Error fetching leads for form WSV-Ecommerce-inquiry-USA: Request failed with status code 400
13/11/2024 T 15:52:03 Fetching leads for form: WSV_BPL_FORM-copy (ID: 478791208014566)
13/11/2024 T 15:52:03 Error fetching leads for form WSV_BPL_FORM-copy: Request failed with status code 400
13/11/2024 T 15:52:03 Fetching leads for form: WSV_BPL_FORM (ID: 1139746787040177)
13/11/2024 T 15:52:03 Error fetching leads for form WSV_BPL_FORM: Request failed with status code 400
13/11/2024 T 15:52:03 Fetching leads for form: WSV-Ecommerce-inquiry-copy (ID: 312162618582684)
13/11/2024 T 15:52:04 Error fetching leads for form WSV-Ecommerce-inquiry-copy: Request failed with status code 400
13/11/2024 T 15:52:04 Fetching leads for form: WSV-Ecommerce-inquiry (ID: 944797823847043)
13/11/2024 T 15:52:04 Error fetching leads for form WSV-Ecommerce-inquiry: Request failed with status code 400
13/11/2024 T 15:52:04 Fetching leads for form: WSV-form 2024-03-12 (ID: 973706101142690)
13/11/2024 T 15:52:04 Error fetching leads for form WSV-form 2024-03-12: Request failed with status code 400
13/11/2024 T 15:52:04 Fetching leads for form: WSV-USA (ID: 863586121922074)
13/11/2024 T 15:52:05 Error fetching leads for form WSV-USA: Request failed with status code 400
13/11/2024 T 15:52:05 Fetching leads for form: WSV-IND-5k-Offer (ID: 3149346392039107)
13/11/2024 T 15:52:05 Error fetching leads for form WSV-IND-5k-Offer: Request failed with status code 400
13/11/2024 T 15:52:05 Fetching leads for form: web soft valley form-converted (ID: 274414704986762)
13/11/2024 T 15:52:06 Error fetching leads for form web soft valley form-converted: Request failed with status code 400
13/11/2024 T 15:52:06 Fetching leads for form: Untitled form 03/18/23, 4:57 PM (ID: 588122046561462)
13/11/2024 T 15:52:06 Error fetching leads for form Untitled form 03/18/23, 4:57 PM: Request failed with status code 400
13/11/2024 T 15:52:06 Fetching leads for form: web soft valley form (ID: 1510984725653262)
13/11/2024 T 15:52:07 Error fetching leads for form web soft valley form: Request failed with status code 400
13/11/2024 T 15:52:07 Fetching leads for form: Untitled form 2017-09-30 (ID: 135181980556689)
13/11/2024 T 15:52:07 Error fetching leads for form Untitled form 2017-09-30: Request failed with status code 400
13/11/2024 T 15:53:00 allusers for start keaap alive functions  
13/11/2024 T 15:53:00 Username:-  karan
13/11/2024 T 15:53:00 FB token not availiable
13/11/2024 T 15:53:00 Username:-  shivay
13/11/2024 T 15:53:00 FB token not availiable
13/11/2024 T 15:53:00 Username:-  Shiv shambu
13/11/2024 T 15:53:00 FB token not availiable
13/11/2024 T 15:53:00 Username:-  Story Time
13/11/2024 T 15:53:00 FB token not availiable
13/11/2024 T 15:53:00 Username:-  Nina
13/11/2024 T 15:53:00 FB token not availiable
13/11/2024 T 15:53:00 Username:-  Demo
13/11/2024 T 15:53:00 FB token not availiable
13/11/2024 T 15:53:00 Username:-  kkk
13/11/2024 T 15:53:00 FB token not availiable
13/11/2024 T 15:53:00 Username:-  rajesgh
13/11/2024 T 15:53:00 FB token not availiable
13/11/2024 T 15:53:00 Username:-  naina nayak
13/11/2024 T 15:53:00 FB token not availiable
13/11/2024 T 15:53:00 Username:-  Shivani Sahu
13/11/2024 T 15:53:00 FB token not availiable
13/11/2024 T 15:53:00 Username:-  Karan Ghorse
13/11/2024 T 15:53:00 FB token not availiable
13/11/2024 T 15:53:00 Username:-  Naina Nayak
13/11/2024 T 15:53:00 FB token not availiable
13/11/2024 T 15:53:00 Username:-  Naina Nayak
13/11/2024 T 15:53:00 User FB token :-  EAAGWQI5stPcBO3hZAxS9hZBJGzxzsklmnah7OO6Di32KMZBKlMxaKqRXK6rpdNnoeeq6ebGTmCp4koU4jPzkIfgK5MGTtNtZCnWx3bOL8iRZA5c8gnA21NSNlnhg7dnZBG86PPeZC5Ia3B9uoyb3wZAWGxkLCf386nUxzxF0wEIdpfEolKZBF5C7msWSbOloqSHF6d93bWhPFk0ZCDXC15aiZA7TQdEZAk85rQr53zNumJ2vwZCPu4s7ZAMCJdIesJKRrPhJfQDAZDZD
13/11/2024 T 15:53:00 3 aagyi lead
13/11/2024 T 15:53:01 Total pages fetched: 1
13/11/2024 T 15:53:01 Processing page: Web Soft Valley Technologies (ID: 1062263437250835)
13/11/2024 T 15:53:01 Error fetching forms for page Web Soft Valley Technologies: Request failed with status code 400
13/11/2024 T 15:54:00 allusers for start keaap alive functions  
13/11/2024 T 15:54:00 Username:-  karan
13/11/2024 T 15:54:00 FB token not availiable
13/11/2024 T 15:54:00 Username:-  shivay
13/11/2024 T 15:54:00 FB token not availiable
13/11/2024 T 15:54:00 Username:-  Shiv shambu
13/11/2024 T 15:54:00 FB token not availiable
13/11/2024 T 15:54:00 Username:-  Story Time
13/11/2024 T 15:54:00 FB token not availiable
13/11/2024 T 15:54:00 Username:-  Nina
13/11/2024 T 15:54:00 FB token not availiable
13/11/2024 T 15:54:00 Username:-  Demo
13/11/2024 T 15:54:00 FB token not availiable
13/11/2024 T 15:54:00 Username:-  kkk
13/11/2024 T 15:54:00 FB token not availiable
13/11/2024 T 15:54:00 Username:-  rajesgh
13/11/2024 T 15:54:00 FB token not availiable
13/11/2024 T 15:54:00 Username:-  naina nayak
13/11/2024 T 15:54:00 FB token not availiable
13/11/2024 T 15:54:00 Username:-  Shivani Sahu
13/11/2024 T 15:54:00 FB token not availiable
13/11/2024 T 15:54:00 Username:-  Karan Ghorse
13/11/2024 T 15:54:00 FB token not availiable
13/11/2024 T 15:54:00 Username:-  Naina Nayak
13/11/2024 T 15:54:00 FB token not availiable
13/11/2024 T 15:54:00 Username:-  Naina Nayak
13/11/2024 T 15:54:00 User FB token :-  EAAGWQI5stPcBO3hZAxS9hZBJGzxzsklmnah7OO6Di32KMZBKlMxaKqRXK6rpdNnoeeq6ebGTmCp4koU4jPzkIfgK5MGTtNtZCnWx3bOL8iRZA5c8gnA21NSNlnhg7dnZBG86PPeZC5Ia3B9uoyb3wZAWGxkLCf386nUxzxF0wEIdpfEolKZBF5C7msWSbOloqSHF6d93bWhPFk0ZCDXC15aiZA7TQdEZAk85rQr53zNumJ2vwZCPu4s7ZAMCJdIesJKRrPhJfQDAZDZD
13/11/2024 T 15:54:00 4 aagyi lead
13/11/2024 T 15:54:01 Total pages fetched: 1
13/11/2024 T 15:54:01 Processing page: Web Soft Valley Technologies (ID: 1062263437250835)
13/11/2024 T 15:54:02 Forms fetched for page Web Soft Valley Technologies: 12
13/11/2024 T 15:54:02 Fetching leads for form: WSV-Ecommerce-inquiry-USA (ID: 435844565878579)
13/11/2024 T 15:54:02 Error fetching leads for form WSV-Ecommerce-inquiry-USA: Request failed with status code 400
13/11/2024 T 15:54:02 Fetching leads for form: WSV_BPL_FORM-copy (ID: 478791208014566)
13/11/2024 T 15:54:03 Error fetching leads for form WSV_BPL_FORM-copy: Request failed with status code 400
13/11/2024 T 15:54:03 Fetching leads for form: WSV_BPL_FORM (ID: 1139746787040177)
13/11/2024 T 15:54:03 Error fetching leads for form WSV_BPL_FORM: Request failed with status code 400
13/11/2024 T 15:54:03 Fetching leads for form: WSV-Ecommerce-inquiry-copy (ID: 312162618582684)
13/11/2024 T 15:54:04 Error fetching leads for form WSV-Ecommerce-inquiry-copy: Request failed with status code 400
13/11/2024 T 15:54:04 Fetching leads for form: WSV-Ecommerce-inquiry (ID: 944797823847043)
13/11/2024 T 15:54:04 Error fetching leads for form WSV-Ecommerce-inquiry: Request failed with status code 400
13/11/2024 T 15:54:04 Fetching leads for form: WSV-form 2024-03-12 (ID: 973706101142690)
13/11/2024 T 15:54:04 Error fetching leads for form WSV-form 2024-03-12: Request failed with status code 400
13/11/2024 T 15:54:04 Fetching leads for form: WSV-USA (ID: 863586121922074)
13/11/2024 T 15:54:05 Error fetching leads for form WSV-USA: Request failed with status code 400
13/11/2024 T 15:54:05 Fetching leads for form: WSV-IND-5k-Offer (ID: 3149346392039107)
13/11/2024 T 15:54:05 Error fetching leads for form WSV-IND-5k-Offer: Request failed with status code 400
13/11/2024 T 15:54:05 Fetching leads for form: web soft valley form-converted (ID: 274414704986762)
13/11/2024 T 15:54:06 Error fetching leads for form web soft valley form-converted: Request failed with status code 400
13/11/2024 T 15:54:06 Fetching leads for form: Untitled form 03/18/23, 4:57 PM (ID: 588122046561462)
13/11/2024 T 15:54:06 Error fetching leads for form Untitled form 03/18/23, 4:57 PM: Request failed with status code 400
13/11/2024 T 15:54:06 Fetching leads for form: web soft valley form (ID: 1510984725653262)
13/11/2024 T 15:54:06 Error fetching leads for form web soft valley form: Request failed with status code 400
13/11/2024 T 15:54:06 Fetching leads for form: Untitled form 2017-09-30 (ID: 135181980556689)
13/11/2024 T 15:54:07 Error fetching leads for form Untitled form 2017-09-30: Request failed with status code 400
13/11/2024 T 15:55:00 allusers for start keaap alive functions  
13/11/2024 T 15:55:00 Username:-  karan
13/11/2024 T 15:55:00 FB token not availiable
13/11/2024 T 15:55:00 Username:-  shivay
13/11/2024 T 15:55:00 FB token not availiable
13/11/2024 T 15:55:00 Username:-  Shiv shambu
13/11/2024 T 15:55:00 FB token not availiable
13/11/2024 T 15:55:00 Username:-  Story Time
13/11/2024 T 15:55:00 FB token not availiable
13/11/2024 T 15:55:00 Username:-  Nina
13/11/2024 T 15:55:00 FB token not availiable
13/11/2024 T 15:55:00 Username:-  Demo
13/11/2024 T 15:55:00 FB token not availiable
13/11/2024 T 15:55:00 Username:-  kkk
13/11/2024 T 15:55:00 FB token not availiable
13/11/2024 T 15:55:00 Username:-  rajesgh
13/11/2024 T 15:55:00 FB token not availiable
13/11/2024 T 15:55:00 Username:-  naina nayak
13/11/2024 T 15:55:00 FB token not availiable
13/11/2024 T 15:55:00 Username:-  Shivani Sahu
13/11/2024 T 15:55:00 FB token not availiable
13/11/2024 T 15:55:00 Username:-  Karan Ghorse
13/11/2024 T 15:55:00 FB token not availiable
13/11/2024 T 15:55:00 Username:-  Naina Nayak
13/11/2024 T 15:55:00 FB token not availiable
13/11/2024 T 15:55:00 Username:-  Naina Nayak
13/11/2024 T 15:55:00 User FB token :-  EAAGWQI5stPcBO3hZAxS9hZBJGzxzsklmnah7OO6Di32KMZBKlMxaKqRXK6rpdNnoeeq6ebGTmCp4koU4jPzkIfgK5MGTtNtZCnWx3bOL8iRZA5c8gnA21NSNlnhg7dnZBG86PPeZC5Ia3B9uoyb3wZAWGxkLCf386nUxzxF0wEIdpfEolKZBF5C7msWSbOloqSHF6d93bWhPFk0ZCDXC15aiZA7TQdEZAk85rQr53zNumJ2vwZCPu4s7ZAMCJdIesJKRrPhJfQDAZDZD
13/11/2024 T 15:55:00 5 aagyi lead
13/11/2024 T 15:55:00 Total pages fetched: 1
13/11/2024 T 15:55:00 Processing page: Web Soft Valley Technologies (ID: 1062263437250835)
13/11/2024 T 15:55:01 Error fetching forms for page Web Soft Valley Technologies: Request failed with status code 400
13/11/2024 T 15:56:00 allusers for start keaap alive functions  
13/11/2024 T 15:56:00 Username:-  karan
13/11/2024 T 15:56:00 FB token not availiable
13/11/2024 T 15:56:00 Username:-  shivay
13/11/2024 T 15:56:00 FB token not availiable
13/11/2024 T 15:56:00 Username:-  Shiv shambu
13/11/2024 T 15:56:00 FB token not availiable
13/11/2024 T 15:56:00 Username:-  Story Time
13/11/2024 T 15:56:00 FB token not availiable
13/11/2024 T 15:56:00 Username:-  Nina
13/11/2024 T 15:56:00 FB token not availiable
13/11/2024 T 15:56:00 Username:-  Demo
13/11/2024 T 15:56:00 FB token not availiable
13/11/2024 T 15:56:00 Username:-  kkk
13/11/2024 T 15:56:00 FB token not availiable
13/11/2024 T 15:56:00 Username:-  rajesgh
13/11/2024 T 15:56:00 FB token not availiable
13/11/2024 T 15:56:00 Username:-  naina nayak
13/11/2024 T 15:56:00 FB token not availiable
13/11/2024 T 15:56:00 Username:-  Shivani Sahu
13/11/2024 T 15:56:00 FB token not availiable
13/11/2024 T 15:56:00 Username:-  Karan Ghorse
13/11/2024 T 15:56:00 FB token not availiable
13/11/2024 T 15:56:00 Username:-  Naina Nayak
13/11/2024 T 15:56:00 FB token not availiable
13/11/2024 T 15:56:00 Username:-  Naina Nayak
13/11/2024 T 15:56:00 User FB token :-  EAAGWQI5stPcBO3hZAxS9hZBJGzxzsklmnah7OO6Di32KMZBKlMxaKqRXK6rpdNnoeeq6ebGTmCp4koU4jPzkIfgK5MGTtNtZCnWx3bOL8iRZA5c8gnA21NSNlnhg7dnZBG86PPeZC5Ia3B9uoyb3wZAWGxkLCf386nUxzxF0wEIdpfEolKZBF5C7msWSbOloqSHF6d93bWhPFk0ZCDXC15aiZA7TQdEZAk85rQr53zNumJ2vwZCPu4s7ZAMCJdIesJKRrPhJfQDAZDZD
13/11/2024 T 15:56:00 6 aagyi lead
13/11/2024 T 15:56:01 Total pages fetched: 1
13/11/2024 T 15:56:01 Processing page: Web Soft Valley Technologies (ID: 1062263437250835)
13/11/2024 T 15:56:01 Forms fetched for page Web Soft Valley Technologies: 12
13/11/2024 T 15:56:01 Fetching leads for form: WSV-Ecommerce-inquiry-USA (ID: 435844565878579)
13/11/2024 T 15:56:01 Total leads fetched for form WSV-Ecommerce-inquiry-USA: 0
13/11/2024 T 15:56:01 Fetching leads for form: WSV_BPL_FORM-copy (ID: 478791208014566)
13/11/2024 T 15:56:02 Error fetching leads for form WSV_BPL_FORM-copy: Request failed with status code 400
13/11/2024 T 15:56:02 Fetching leads for form: WSV_BPL_FORM (ID: 1139746787040177)
13/11/2024 T 15:56:02 Total leads fetched for form WSV_BPL_FORM: 0
13/11/2024 T 15:56:02 Fetching leads for form: WSV-Ecommerce-inquiry-copy (ID: 312162618582684)
13/11/2024 T 15:56:03 Error fetching leads for form WSV-Ecommerce-inquiry-copy: Request failed with status code 400
13/11/2024 T 15:56:03 Fetching leads for form: WSV-Ecommerce-inquiry (ID: 944797823847043)
13/11/2024 T 15:56:03 Error fetching leads for form WSV-Ecommerce-inquiry: Request failed with status code 400
13/11/2024 T 15:56:03 Fetching leads for form: WSV-form 2024-03-12 (ID: 973706101142690)
13/11/2024 T 15:56:03 Error fetching leads for form WSV-form 2024-03-12: Request failed with status code 400
13/11/2024 T 15:56:03 Fetching leads for form: WSV-USA (ID: 863586121922074)
13/11/2024 T 15:56:04 Error fetching leads for form WSV-USA: Request failed with status code 400
13/11/2024 T 15:56:04 Fetching leads for form: WSV-IND-5k-Offer (ID: 3149346392039107)
13/11/2024 T 15:56:04 Total leads fetched for form WSV-IND-5k-Offer: 0
13/11/2024 T 15:56:04 Fetching leads for form: web soft valley form-converted (ID: 274414704986762)
13/11/2024 T 15:56:04 Total leads fetched for form web soft valley form-converted: 0
13/11/2024 T 15:56:04 Fetching leads for form: Untitled form 03/18/23, 4:57 PM (ID: 588122046561462)
13/11/2024 T 15:56:05 Error fetching leads for form Untitled form 03/18/23, 4:57 PM: Request failed with status code 400
13/11/2024 T 15:56:05 Fetching leads for form: web soft valley form (ID: 1510984725653262)
13/11/2024 T 15:56:05 Error fetching leads for form web soft valley form: Request failed with status code 400
13/11/2024 T 15:56:05 Fetching leads for form: Untitled form 2017-09-30 (ID: 135181980556689)
13/11/2024 T 15:56:05 Error fetching leads for form Untitled form 2017-09-30: Request failed with status code 400
13/11/2024 T 15:57:00 allusers for start keaap alive functions  
13/11/2024 T 15:57:02 Username:-  karan
13/11/2024 T 15:57:02 FB token not availiable
13/11/2024 T 15:57:02 Username:-  shivay
13/11/2024 T 15:57:02 FB token not availiable
13/11/2024 T 15:57:02 Username:-  Shiv shambu
13/11/2024 T 15:57:02 FB token not availiable
13/11/2024 T 15:57:02 Username:-  Story Time
13/11/2024 T 15:57:02 FB token not availiable
13/11/2024 T 15:57:02 Username:-  Nina
13/11/2024 T 15:57:02 FB token not availiable
13/11/2024 T 15:57:02 Username:-  Demo
13/11/2024 T 15:57:02 FB token not availiable
13/11/2024 T 15:57:02 Username:-  kkk
13/11/2024 T 15:57:02 FB token not availiable
13/11/2024 T 15:57:02 Username:-  rajesgh
13/11/2024 T 15:57:02 FB token not availiable
13/11/2024 T 15:57:02 Username:-  naina nayak
13/11/2024 T 15:57:02 FB token not availiable
13/11/2024 T 15:57:02 Username:-  Shivani Sahu
13/11/2024 T 15:57:02 FB token not availiable
13/11/2024 T 15:57:02 Username:-  Karan Ghorse
13/11/2024 T 15:57:02 FB token not availiable
13/11/2024 T 15:57:02 Username:-  Naina Nayak
13/11/2024 T 15:57:02 FB token not availiable
13/11/2024 T 15:57:02 Username:-  Naina Nayak
13/11/2024 T 15:57:02 User FB token :-  EAAGWQI5stPcBO3hZAxS9hZBJGzxzsklmnah7OO6Di32KMZBKlMxaKqRXK6rpdNnoeeq6ebGTmCp4koU4jPzkIfgK5MGTtNtZCnWx3bOL8iRZA5c8gnA21NSNlnhg7dnZBG86PPeZC5Ia3B9uoyb3wZAWGxkLCf386nUxzxF0wEIdpfEolKZBF5C7msWSbOloqSHF6d93bWhPFk0ZCDXC15aiZA7TQdEZAk85rQr53zNumJ2vwZCPu4s7ZAMCJdIesJKRrPhJfQDAZDZD
13/11/2024 T 15:57:02 7 aagyi lead
13/11/2024 T 15:57:04 Total pages fetched: 1
13/11/2024 T 15:57:04 Processing page: Web Soft Valley Technologies (ID: 1062263437250835)
13/11/2024 T 15:57:04 Error fetching forms for page Web Soft Valley Technologies: Request failed with status code 400
13/11/2024 T 15:58:00 allusers for start keaap alive functions  
13/11/2024 T 15:58:00 Username:-  karan
13/11/2024 T 15:58:00 FB token not availiable
13/11/2024 T 15:58:00 Username:-  shivay
13/11/2024 T 15:58:00 FB token not availiable
13/11/2024 T 15:58:00 Username:-  Shiv shambu
13/11/2024 T 15:58:00 FB token not availiable
13/11/2024 T 15:58:00 Username:-  Story Time
13/11/2024 T 15:58:00 FB token not availiable
13/11/2024 T 15:58:00 Username:-  Nina
13/11/2024 T 15:58:00 FB token not availiable
13/11/2024 T 15:58:00 Username:-  Demo
13/11/2024 T 15:58:00 FB token not availiable
13/11/2024 T 15:58:00 Username:-  kkk
13/11/2024 T 15:58:00 FB token not availiable
13/11/2024 T 15:58:00 Username:-  rajesgh
13/11/2024 T 15:58:00 FB token not availiable
13/11/2024 T 15:58:00 Username:-  naina nayak
13/11/2024 T 15:58:00 FB token not availiable
13/11/2024 T 15:58:00 Username:-  Shivani Sahu
13/11/2024 T 15:58:00 FB token not availiable
13/11/2024 T 15:58:00 Username:-  Karan Ghorse
13/11/2024 T 15:58:00 FB token not availiable
13/11/2024 T 15:58:00 Username:-  Naina Nayak
13/11/2024 T 15:58:00 FB token not availiable
13/11/2024 T 15:58:00 Username:-  Naina Nayak
13/11/2024 T 15:58:00 User FB token :-  EAAGWQI5stPcBO3hZAxS9hZBJGzxzsklmnah7OO6Di32KMZBKlMxaKqRXK6rpdNnoeeq6ebGTmCp4koU4jPzkIfgK5MGTtNtZCnWx3bOL8iRZA5c8gnA21NSNlnhg7dnZBG86PPeZC5Ia3B9uoyb3wZAWGxkLCf386nUxzxF0wEIdpfEolKZBF5C7msWSbOloqSHF6d93bWhPFk0ZCDXC15aiZA7TQdEZAk85rQr53zNumJ2vwZCPu4s7ZAMCJdIesJKRrPhJfQDAZDZD
13/11/2024 T 15:58:00 8 aagyi lead
13/11/2024 T 15:58:01 Total pages fetched: 1
13/11/2024 T 15:58:01 Processing page: Web Soft Valley Technologies (ID: 1062263437250835)
13/11/2024 T 15:58:01 Error fetching forms for page Web Soft Valley Technologies: Request failed with status code 400
13/11/2024 T 15:59:00 allusers for start keaap alive functions  
13/11/2024 T 15:59:00 Username:-  karan
13/11/2024 T 15:59:00 FB token not availiable
13/11/2024 T 15:59:00 Username:-  shivay
13/11/2024 T 15:59:00 FB token not availiable
13/11/2024 T 15:59:00 Username:-  Shiv shambu
13/11/2024 T 15:59:00 FB token not availiable
13/11/2024 T 15:59:00 Username:-  Story Time
13/11/2024 T 15:59:00 FB token not availiable
13/11/2024 T 15:59:00 Username:-  Nina
13/11/2024 T 15:59:00 FB token not availiable
13/11/2024 T 15:59:00 Username:-  Demo
13/11/2024 T 15:59:00 FB token not availiable
13/11/2024 T 15:59:00 Username:-  kkk
13/11/2024 T 15:59:00 FB token not availiable
13/11/2024 T 15:59:00 Username:-  rajesgh
13/11/2024 T 15:59:00 FB token not availiable
13/11/2024 T 15:59:00 Username:-  naina nayak
13/11/2024 T 15:59:00 FB token not availiable
13/11/2024 T 15:59:00 Username:-  Shivani Sahu
13/11/2024 T 15:59:00 FB token not availiable
13/11/2024 T 15:59:00 Username:-  Karan Ghorse
13/11/2024 T 15:59:00 FB token not availiable
13/11/2024 T 15:59:00 Username:-  Naina Nayak
13/11/2024 T 15:59:00 FB token not availiable
13/11/2024 T 15:59:00 Username:-  Naina Nayak
13/11/2024 T 15:59:00 User FB token :-  EAAGWQI5stPcBO3hZAxS9hZBJGzxzsklmnah7OO6Di32KMZBKlMxaKqRXK6rpdNnoeeq6ebGTmCp4koU4jPzkIfgK5MGTtNtZCnWx3bOL8iRZA5c8gnA21NSNlnhg7dnZBG86PPeZC5Ia3B9uoyb3wZAWGxkLCf386nUxzxF0wEIdpfEolKZBF5C7msWSbOloqSHF6d93bWhPFk0ZCDXC15aiZA7TQdEZAk85rQr53zNumJ2vwZCPu4s7ZAMCJdIesJKRrPhJfQDAZDZD
13/11/2024 T 15:59:00 9 aagyi lead
13/11/2024 T 15:59:01 Total pages fetched: 1
13/11/2024 T 15:59:01 Processing page: Web Soft Valley Technologies (ID: 1062263437250835)
13/11/2024 T 15:59:01 Forms fetched for page Web Soft Valley Technologies: 12
13/11/2024 T 15:59:01 Fetching leads for form: WSV-Ecommerce-inquiry-USA (ID: 435844565878579)
13/11/2024 T 15:59:02 Total leads fetched for form WSV-Ecommerce-inquiry-USA: 0
13/11/2024 T 15:59:02 Fetching leads for form: WSV_BPL_FORM-copy (ID: 478791208014566)
13/11/2024 T 15:59:02 Total leads fetched for form WSV_BPL_FORM-copy: 25
13/11/2024 T 15:59:02 Pagination detected. Next page URL: https://graph.facebook.com/v20.0/478791208014566/leads?access_token=EAAGWQI5stPcBO8i64hPKm41PKRq0yhSbUl3U2RhtXhZAZAJeKfxAGjjVP8G0KurhA578ZCCWjs5YPEDpHf5vMiG6z4bZC7YG2SHaMsDH5m6sb1GKrMAAMLgQ0VdsYJb0yRUZADFjEKxVtxx45kE9bFO3pTDsRS7dNGD0nduAwxsOgOU1RLlyVWwuqQHZC9ZCKuUUapPGp2pzdzsO4qf&fields=id,created_time,field_data&limit=25&after=QVFIUmFoZATh1RjZABZAnBsdm5mQXVFa29ERFZATVE9XWVI5SVY1N1Y4NlFaeTczZAGVKZAkUyc3RLUlRLMFc0cjROdldUUWlCRDNRQ3FnRHFZARlVwc1NSN2pHRGRn
13/11/2024 T 15:59:02 Fetching leads for form: WSV_BPL_FORM (ID: 1139746787040177)
13/11/2024 T 15:59:03 Total leads fetched for form WSV_BPL_FORM: 0
13/11/2024 T 15:59:03 Fetching leads for form: WSV-Ecommerce-inquiry-copy (ID: 312162618582684)
13/11/2024 T 15:59:03 Total leads fetched for form WSV-Ecommerce-inquiry-copy: 0
13/11/2024 T 15:59:03 Fetching leads for form: WSV-Ecommerce-inquiry (ID: 944797823847043)
13/11/2024 T 15:59:04 Total leads fetched for form WSV-Ecommerce-inquiry: 0
13/11/2024 T 15:59:04 Fetching leads for form: WSV-form 2024-03-12 (ID: 973706101142690)
13/11/2024 T 15:59:04 Total leads fetched for form WSV-form 2024-03-12: 0
13/11/2024 T 15:59:04 Fetching leads for form: WSV-USA (ID: 863586121922074)
13/11/2024 T 15:59:04 Total leads fetched for form WSV-USA: 0
13/11/2024 T 15:59:04 Fetching leads for form: WSV-IND-5k-Offer (ID: 3149346392039107)
13/11/2024 T 15:59:05 Total leads fetched for form WSV-IND-5k-Offer: 0
13/11/2024 T 15:59:05 Fetching leads for form: web soft valley form-converted (ID: 274414704986762)
13/11/2024 T 15:59:05 Total leads fetched for form web soft valley form-converted: 0
13/11/2024 T 15:59:05 Fetching leads for form: Untitled form 03/18/23, 4:57 PM (ID: 588122046561462)
13/11/2024 T 15:59:06 Total leads fetched for form Untitled form 03/18/23, 4:57 PM: 0
13/11/2024 T 15:59:06 Fetching leads for form: web soft valley form (ID: 1510984725653262)
13/11/2024 T 15:59:06 Total leads fetched for form web soft valley form: 0
13/11/2024 T 15:59:06 Fetching leads for form: Untitled form 2017-09-30 (ID: 135181980556689)
13/11/2024 T 15:59:06 Error fetching leads for form Untitled form 2017-09-30: Request failed with status code 400
13/11/2024 T 16:00:00 allusers for start keaap alive functions  
13/11/2024 T 16:00:00 Username:-  karan
13/11/2024 T 16:00:00 FB token not availiable
13/11/2024 T 16:00:00 Username:-  shivay
13/11/2024 T 16:00:00 FB token not availiable
13/11/2024 T 16:00:00 Username:-  Shiv shambu
13/11/2024 T 16:00:00 FB token not availiable
13/11/2024 T 16:00:00 Username:-  Story Time
13/11/2024 T 16:00:00 FB token not availiable
13/11/2024 T 16:00:00 Username:-  Nina
13/11/2024 T 16:00:00 FB token not availiable
13/11/2024 T 16:00:00 Username:-  Demo
13/11/2024 T 16:00:00 FB token not availiable
13/11/2024 T 16:00:00 Username:-  kkk
13/11/2024 T 16:00:00 FB token not availiable
13/11/2024 T 16:00:00 Username:-  rajesgh
13/11/2024 T 16:00:00 FB token not availiable
13/11/2024 T 16:00:00 Username:-  naina nayak
13/11/2024 T 16:00:00 FB token not availiable
13/11/2024 T 16:00:00 Username:-  Shivani Sahu
13/11/2024 T 16:00:00 FB token not availiable
13/11/2024 T 16:00:00 Username:-  Karan Ghorse
13/11/2024 T 16:00:00 FB token not availiable
13/11/2024 T 16:00:00 Username:-  Naina Nayak
13/11/2024 T 16:00:00 FB token not availiable
13/11/2024 T 16:00:00 Username:-  Naina Nayak
13/11/2024 T 16:00:00 User FB token :-  EAAGWQI5stPcBO3hZAxS9hZBJGzxzsklmnah7OO6Di32KMZBKlMxaKqRXK6rpdNnoeeq6ebGTmCp4koU4jPzkIfgK5MGTtNtZCnWx3bOL8iRZA5c8gnA21NSNlnhg7dnZBG86PPeZC5Ia3B9uoyb3wZAWGxkLCf386nUxzxF0wEIdpfEolKZBF5C7msWSbOloqSHF6d93bWhPFk0ZCDXC15aiZA7TQdEZAk85rQr53zNumJ2vwZCPu4s7ZAMCJdIesJKRrPhJfQDAZDZD
13/11/2024 T 16:00:00 10 aagyi lead
13/11/2024 T 16:00:00 Total pages fetched: 1
13/11/2024 T 16:00:00 Processing page: Web Soft Valley Technologies (ID: 1062263437250835)
13/11/2024 T 16:00:01 Forms fetched for page Web Soft Valley Technologies: 12
13/11/2024 T 16:00:01 Fetching leads for form: WSV-Ecommerce-inquiry-USA (ID: 435844565878579)
13/11/2024 T 16:00:01 Total leads fetched for form WSV-Ecommerce-inquiry-USA: 0
13/11/2024 T 16:00:01 Fetching leads for form: WSV_BPL_FORM-copy (ID: 478791208014566)
13/11/2024 T 16:00:01 Total leads fetched for form WSV_BPL_FORM-copy: 25
13/11/2024 T 16:00:01 Pagination detected. Next page URL: https://graph.facebook.com/v20.0/478791208014566/leads?access_token=EAAGWQI5stPcBOxSIv4fkmaavgb73H864lNsZAkfExxSONW717iy5K4KFzB9uBe4MBPSK1X57nuYEicS8cxl6TPJ30dzgM4SXeemhmCXodFuKLsfH3a5vltybMLZBjN8pw0Jtq4upI4owu9ajbI7Bj8Jef10ifso9fhJAtxZBZCZBHKhvQRXRtdyV9CXavM3KpXp33We6woheCY7zj&fields=id,created_time,field_data&limit=25&after=QVFIUmFoZATh1RjZABZAnBsdm5mQXVFa29ERFZATVE9XWVI5SVY1N1Y4NlFaeTczZAGVKZAkUyc3RLUlRLMFc0cjROdldUUWlCRDNRQ3FnRHFZARlVwc1NSN2pHRGRn
13/11/2024 T 16:00:01 Fetching leads for form: WSV_BPL_FORM (ID: 1139746787040177)
13/11/2024 T 16:00:02 Total leads fetched for form WSV_BPL_FORM: 0
13/11/2024 T 16:00:02 Fetching leads for form: WSV-Ecommerce-inquiry-copy (ID: 312162618582684)
13/11/2024 T 16:00:02 Total leads fetched for form WSV-Ecommerce-inquiry-copy: 0
13/11/2024 T 16:00:02 Fetching leads for form: WSV-Ecommerce-inquiry (ID: 944797823847043)
13/11/2024 T 16:00:03 Error fetching leads for form WSV-Ecommerce-inquiry: Request failed with status code 400
13/11/2024 T 16:00:03 Fetching leads for form: WSV-form 2024-03-12 (ID: 973706101142690)
13/11/2024 T 16:00:03 Total leads fetched for form WSV-form 2024-03-12: 0
13/11/2024 T 16:00:03 Fetching leads for form: WSV-USA (ID: 863586121922074)
13/11/2024 T 16:00:03 Total leads fetched for form WSV-USA: 0
13/11/2024 T 16:00:03 Fetching leads for form: WSV-IND-5k-Offer (ID: 3149346392039107)
13/11/2024 T 16:00:04 Total leads fetched for form WSV-IND-5k-Offer: 0
13/11/2024 T 16:00:04 Fetching leads for form: web soft valley form-converted (ID: 274414704986762)
13/11/2024 T 16:00:04 Error fetching leads for form web soft valley form-converted: Request failed with status code 400
13/11/2024 T 16:00:04 Fetching leads for form: Untitled form 03/18/23, 4:57 PM (ID: 588122046561462)
13/11/2024 T 16:00:04 Total leads fetched for form Untitled form 03/18/23, 4:57 PM: 0
13/11/2024 T 16:00:04 Fetching leads for form: web soft valley form (ID: 1510984725653262)
13/11/2024 T 16:00:05 Total leads fetched for form web soft valley form: 0
13/11/2024 T 16:00:05 Fetching leads for form: Untitled form 2017-09-30 (ID: 135181980556689)
13/11/2024 T 16:00:05 Error fetching leads for form Untitled form 2017-09-30: Request failed with status code 400
13/11/2024 T 16:01:00 allusers for start keaap alive functions  
13/11/2024 T 16:01:00 Username:-  karan
13/11/2024 T 16:01:00 FB token not availiable
13/11/2024 T 16:01:00 Username:-  shivay
13/11/2024 T 16:01:00 FB token not availiable
13/11/2024 T 16:01:00 Username:-  Shiv shambu
13/11/2024 T 16:01:00 FB token not availiable
13/11/2024 T 16:01:00 Username:-  Story Time
13/11/2024 T 16:01:00 FB token not availiable
13/11/2024 T 16:01:00 Username:-  Nina
13/11/2024 T 16:01:00 FB token not availiable
13/11/2024 T 16:01:00 Username:-  Demo
13/11/2024 T 16:01:00 FB token not availiable
13/11/2024 T 16:01:00 Username:-  kkk
13/11/2024 T 16:01:00 FB token not availiable
13/11/2024 T 16:01:00 Username:-  rajesgh
13/11/2024 T 16:01:00 FB token not availiable
13/11/2024 T 16:01:00 Username:-  naina nayak
13/11/2024 T 16:01:00 FB token not availiable
13/11/2024 T 16:01:00 Username:-  Shivani Sahu
13/11/2024 T 16:01:00 FB token not availiable
13/11/2024 T 16:01:00 Username:-  Karan Ghorse
13/11/2024 T 16:01:00 FB token not availiable
13/11/2024 T 16:01:00 Username:-  Naina Nayak
13/11/2024 T 16:01:00 FB token not availiable
13/11/2024 T 16:01:00 Username:-  Naina Nayak
13/11/2024 T 16:01:00 User FB token :-  EAAGWQI5stPcBO3hZAxS9hZBJGzxzsklmnah7OO6Di32KMZBKlMxaKqRXK6rpdNnoeeq6ebGTmCp4koU4jPzkIfgK5MGTtNtZCnWx3bOL8iRZA5c8gnA21NSNlnhg7dnZBG86PPeZC5Ia3B9uoyb3wZAWGxkLCf386nUxzxF0wEIdpfEolKZBF5C7msWSbOloqSHF6d93bWhPFk0ZCDXC15aiZA7TQdEZAk85rQr53zNumJ2vwZCPu4s7ZAMCJdIesJKRrPhJfQDAZDZD
13/11/2024 T 16:01:00 11 aagyi lead
13/11/2024 T 16:01:01 Total pages fetched: 1
13/11/2024 T 16:01:01 Processing page: Web Soft Valley Technologies (ID: 1062263437250835)
13/11/2024 T 16:01:01 Forms fetched for page Web Soft Valley Technologies: 12
13/11/2024 T 16:01:01 Fetching leads for form: WSV-Ecommerce-inquiry-USA (ID: 435844565878579)
13/11/2024 T 16:01:02 Total leads fetched for form WSV-Ecommerce-inquiry-USA: 0
13/11/2024 T 16:01:02 Fetching leads for form: WSV_BPL_FORM-copy (ID: 478791208014566)
13/11/2024 T 16:01:02 Error fetching leads for form WSV_BPL_FORM-copy: Request failed with status code 400
13/11/2024 T 16:01:02 Fetching leads for form: WSV_BPL_FORM (ID: 1139746787040177)
13/11/2024 T 16:01:03 Total leads fetched for form WSV_BPL_FORM: 0
13/11/2024 T 16:01:03 Fetching leads for form: WSV-Ecommerce-inquiry-copy (ID: 312162618582684)
13/11/2024 T 16:01:03 Error fetching leads for form WSV-Ecommerce-inquiry-copy: Request failed with status code 400
13/11/2024 T 16:01:03 Fetching leads for form: WSV-Ecommerce-inquiry (ID: 944797823847043)
13/11/2024 T 16:01:03 Error fetching leads for form WSV-Ecommerce-inquiry: Request failed with status code 400
13/11/2024 T 16:01:03 Fetching leads for form: WSV-form 2024-03-12 (ID: 973706101142690)
13/11/2024 T 16:01:04 Error fetching leads for form WSV-form 2024-03-12: Request failed with status code 400
13/11/2024 T 16:01:04 Fetching leads for form: WSV-USA (ID: 863586121922074)
13/11/2024 T 16:01:04 Total leads fetched for form WSV-USA: 0
13/11/2024 T 16:01:04 Fetching leads for form: WSV-IND-5k-Offer (ID: 3149346392039107)
13/11/2024 T 16:01:04 Error fetching leads for form WSV-IND-5k-Offer: Request failed with status code 400
13/11/2024 T 16:01:04 Fetching leads for form: web soft valley form-converted (ID: 274414704986762)
13/11/2024 T 16:01:05 Error fetching leads for form web soft valley form-converted: Request failed with status code 400
13/11/2024 T 16:01:05 Fetching leads for form: Untitled form 03/18/23, 4:57 PM (ID: 588122046561462)
13/11/2024 T 16:01:05 Total leads fetched for form Untitled form 03/18/23, 4:57 PM: 0
13/11/2024 T 16:01:05 Fetching leads for form: web soft valley form (ID: 1510984725653262)
13/11/2024 T 16:01:06 Total leads fetched for form web soft valley form: 0
13/11/2024 T 16:01:06 Fetching leads for form: Untitled form 2017-09-30 (ID: 135181980556689)
13/11/2024 T 16:01:06 Error fetching leads for form Untitled form 2017-09-30: Request failed with status code 400
13/11/2024 T 16:02:00 allusers for start keaap alive functions  
13/11/2024 T 16:02:00 Username:-  karan
13/11/2024 T 16:02:00 FB token not availiable
13/11/2024 T 16:02:00 Username:-  shivay
13/11/2024 T 16:02:00 FB token not availiable
13/11/2024 T 16:02:00 Username:-  Shiv shambu
13/11/2024 T 16:02:00 FB token not availiable
13/11/2024 T 16:02:00 Username:-  Story Time
13/11/2024 T 16:02:00 FB token not availiable
13/11/2024 T 16:02:00 Username:-  Nina
13/11/2024 T 16:02:00 FB token not availiable
13/11/2024 T 16:02:00 Username:-  Demo
13/11/2024 T 16:02:00 FB token not availiable
13/11/2024 T 16:02:00 Username:-  kkk
13/11/2024 T 16:02:00 FB token not availiable
13/11/2024 T 16:02:00 Username:-  rajesgh
13/11/2024 T 16:02:00 FB token not availiable
13/11/2024 T 16:02:00 Username:-  naina nayak
13/11/2024 T 16:02:00 FB token not availiable
13/11/2024 T 16:02:00 Username:-  Shivani Sahu
13/11/2024 T 16:02:00 FB token not availiable
13/11/2024 T 16:02:00 Username:-  Karan Ghorse
13/11/2024 T 16:02:00 FB token not availiable
13/11/2024 T 16:02:00 Username:-  Naina Nayak
13/11/2024 T 16:02:00 FB token not availiable
13/11/2024 T 16:02:00 Username:-  Naina Nayak
13/11/2024 T 16:02:00 User FB token :-  EAAGWQI5stPcBO3hZAxS9hZBJGzxzsklmnah7OO6Di32KMZBKlMxaKqRXK6rpdNnoeeq6ebGTmCp4koU4jPzkIfgK5MGTtNtZCnWx3bOL8iRZA5c8gnA21NSNlnhg7dnZBG86PPeZC5Ia3B9uoyb3wZAWGxkLCf386nUxzxF0wEIdpfEolKZBF5C7msWSbOloqSHF6d93bWhPFk0ZCDXC15aiZA7TQdEZAk85rQr53zNumJ2vwZCPu4s7ZAMCJdIesJKRrPhJfQDAZDZD
13/11/2024 T 16:02:00 12 aagyi lead
13/11/2024 T 16:02:01 Total pages fetched: 1
13/11/2024 T 16:02:01 Processing page: Web Soft Valley Technologies (ID: 1062263437250835)
13/11/2024 T 16:02:01 Error fetching forms for page Web Soft Valley Technologies: Request failed with status code 400
13/11/2024 T 16:03:00 allusers for start keaap alive functions  
13/11/2024 T 16:03:00 Username:-  karan
13/11/2024 T 16:03:00 FB token not availiable
13/11/2024 T 16:03:00 Username:-  shivay
13/11/2024 T 16:03:00 FB token not availiable
13/11/2024 T 16:03:00 Username:-  Shiv shambu
13/11/2024 T 16:03:00 FB token not availiable
13/11/2024 T 16:03:01 Username:-  Story Time
13/11/2024 T 16:03:01 FB token not availiable
13/11/2024 T 16:03:01 Username:-  Nina
13/11/2024 T 16:03:01 FB token not availiable
13/11/2024 T 16:03:01 Username:-  Demo
13/11/2024 T 16:03:01 FB token not availiable
13/11/2024 T 16:03:01 Username:-  kkk
13/11/2024 T 16:03:01 FB token not availiable
13/11/2024 T 16:03:01 Username:-  rajesgh
13/11/2024 T 16:03:01 FB token not availiable
13/11/2024 T 16:03:01 Username:-  naina nayak
13/11/2024 T 16:03:01 FB token not availiable
13/11/2024 T 16:03:01 Username:-  Shivani Sahu
13/11/2024 T 16:03:01 FB token not availiable
13/11/2024 T 16:03:01 Username:-  Karan Ghorse
13/11/2024 T 16:03:01 FB token not availiable
13/11/2024 T 16:03:01 Username:-  Naina Nayak
13/11/2024 T 16:03:01 FB token not availiable
13/11/2024 T 16:03:01 Username:-  Naina Nayak
13/11/2024 T 16:03:01 User FB token :-  EAAGWQI5stPcBO3hZAxS9hZBJGzxzsklmnah7OO6Di32KMZBKlMxaKqRXK6rpdNnoeeq6ebGTmCp4koU4jPzkIfgK5MGTtNtZCnWx3bOL8iRZA5c8gnA21NSNlnhg7dnZBG86PPeZC5Ia3B9uoyb3wZAWGxkLCf386nUxzxF0wEIdpfEolKZBF5C7msWSbOloqSHF6d93bWhPFk0ZCDXC15aiZA7TQdEZAk85rQr53zNumJ2vwZCPu4s7ZAMCJdIesJKRrPhJfQDAZDZD
13/11/2024 T 16:03:01 13 aagyi lead
13/11/2024 T 16:03:01 Total pages fetched: 1
13/11/2024 T 16:03:01 Processing page: Web Soft Valley Technologies (ID: 1062263437250835)
13/11/2024 T 16:03:02 Forms fetched for page Web Soft Valley Technologies: 12
13/11/2024 T 16:03:02 Fetching leads for form: WSV-Ecommerce-inquiry-USA (ID: 435844565878579)
13/11/2024 T 16:03:02 Total leads fetched for form WSV-Ecommerce-inquiry-USA: 0
13/11/2024 T 16:03:02 Fetching leads for form: WSV_BPL_FORM-copy (ID: 478791208014566)
13/11/2024 T 16:03:02 Error fetching leads for form WSV_BPL_FORM-copy: Request failed with status code 400
13/11/2024 T 16:03:02 Fetching leads for form: WSV_BPL_FORM (ID: 1139746787040177)
13/11/2024 T 16:03:03 Error fetching leads for form WSV_BPL_FORM: Request failed with status code 400
13/11/2024 T 16:03:03 Fetching leads for form: WSV-Ecommerce-inquiry-copy (ID: 312162618582684)
13/11/2024 T 16:03:03 Total leads fetched for form WSV-Ecommerce-inquiry-copy: 0
13/11/2024 T 16:03:03 Fetching leads for form: WSV-Ecommerce-inquiry (ID: 944797823847043)
13/11/2024 T 16:03:03 Total leads fetched for form WSV-Ecommerce-inquiry: 0
13/11/2024 T 16:03:03 Fetching leads for form: WSV-form 2024-03-12 (ID: 973706101142690)
13/11/2024 T 16:03:04 Total leads fetched for form WSV-form 2024-03-12: 0
13/11/2024 T 16:03:04 Fetching leads for form: WSV-USA (ID: 863586121922074)
13/11/2024 T 16:03:04 Total leads fetched for form WSV-USA: 0
13/11/2024 T 16:03:04 Fetching leads for form: WSV-IND-5k-Offer (ID: 3149346392039107)
13/11/2024 T 16:03:04 Error fetching leads for form WSV-IND-5k-Offer: Request failed with status code 400
13/11/2024 T 16:03:04 Fetching leads for form: web soft valley form-converted (ID: 274414704986762)
13/11/2024 T 16:03:05 Total leads fetched for form web soft valley form-converted: 0
13/11/2024 T 16:03:05 Fetching leads for form: Untitled form 03/18/23, 4:57 PM (ID: 588122046561462)
13/11/2024 T 16:03:05 Error fetching leads for form Untitled form 03/18/23, 4:57 PM: Request failed with status code 400
13/11/2024 T 16:03:05 Fetching leads for form: web soft valley form (ID: 1510984725653262)
13/11/2024 T 16:03:05 Total leads fetched for form web soft valley form: 0
13/11/2024 T 16:03:05 Fetching leads for form: Untitled form 2017-09-30 (ID: 135181980556689)
13/11/2024 T 16:03:06 Total leads fetched for form Untitled form 2017-09-30: 0
13/11/2024 T 16:04:00 allusers for start keaap alive functions  
13/11/2024 T 16:04:00 Username:-  karan
13/11/2024 T 16:04:00 FB token not availiable
13/11/2024 T 16:04:00 Username:-  shivay
13/11/2024 T 16:04:00 FB token not availiable
13/11/2024 T 16:04:00 Username:-  Shiv shambu
13/11/2024 T 16:04:00 FB token not availiable
13/11/2024 T 16:04:00 Username:-  Story Time
13/11/2024 T 16:04:00 FB token not availiable
13/11/2024 T 16:04:00 Username:-  Nina
13/11/2024 T 16:04:00 FB token not availiable
13/11/2024 T 16:04:00 Username:-  Demo
13/11/2024 T 16:04:00 FB token not availiable
13/11/2024 T 16:04:00 Username:-  kkk
13/11/2024 T 16:04:00 FB token not availiable
13/11/2024 T 16:04:00 Username:-  rajesgh
13/11/2024 T 16:04:00 FB token not availiable
13/11/2024 T 16:04:00 Username:-  naina nayak
13/11/2024 T 16:04:00 FB token not availiable
13/11/2024 T 16:04:00 Username:-  Shivani Sahu
13/11/2024 T 16:04:00 FB token not availiable
13/11/2024 T 16:04:00 Username:-  Karan Ghorse
13/11/2024 T 16:04:00 FB token not availiable
13/11/2024 T 16:04:00 Username:-  Naina Nayak
13/11/2024 T 16:04:00 FB token not availiable
13/11/2024 T 16:04:00 Username:-  Naina Nayak
13/11/2024 T 16:04:00 User FB token :-  EAAGWQI5stPcBO3hZAxS9hZBJGzxzsklmnah7OO6Di32KMZBKlMxaKqRXK6rpdNnoeeq6ebGTmCp4koU4jPzkIfgK5MGTtNtZCnWx3bOL8iRZA5c8gnA21NSNlnhg7dnZBG86PPeZC5Ia3B9uoyb3wZAWGxkLCf386nUxzxF0wEIdpfEolKZBF5C7msWSbOloqSHF6d93bWhPFk0ZCDXC15aiZA7TQdEZAk85rQr53zNumJ2vwZCPu4s7ZAMCJdIesJKRrPhJfQDAZDZD
13/11/2024 T 16:04:00 14 aagyi lead
13/11/2024 T 16:04:01 Total pages fetched: 1
13/11/2024 T 16:04:01 Processing page: Web Soft Valley Technologies (ID: 1062263437250835)
13/11/2024 T 16:04:02 Forms fetched for page Web Soft Valley Technologies: 12
13/11/2024 T 16:04:02 Fetching leads for form: WSV-Ecommerce-inquiry-USA (ID: 435844565878579)
13/11/2024 T 16:04:02 Total leads fetched for form WSV-Ecommerce-inquiry-USA: 0
13/11/2024 T 16:04:02 Fetching leads for form: WSV_BPL_FORM-copy (ID: 478791208014566)
13/11/2024 T 16:04:03 Total leads fetched for form WSV_BPL_FORM-copy: 25
13/11/2024 T 16:04:03 Pagination detected. Next page URL: https://graph.facebook.com/v20.0/478791208014566/leads?access_token=EAAGWQI5stPcBOzblOHt02rVdSpkGxdhqwHlxo2J3xyL6IM0IZBf6YUBDaDsaDMk2F2zG5ZCZBNmluTZAL124o9ZCLO2jzK7ZBlLq8SVw4F3553AZBYnFfR9ZAurdxoiljYKboVkMSaDVQhl6L84ySSGhXWQm1IKFfWfYn4y5XZCnVZCv0Njkha1tqCLWnYciAUdp7jcusMXfuqC2zPTm6G&fields=id,created_time,field_data&limit=25&after=QVFIUmFoZATh1RjZABZAnBsdm5mQXVFa29ERFZATVE9XWVI5SVY1N1Y4NlFaeTczZAGVKZAkUyc3RLUlRLMFc0cjROdldUUWlCRDNRQ3FnRHFZARlVwc1NSN2pHRGRn
13/11/2024 T 16:04:03 Fetching leads for form: WSV_BPL_FORM (ID: 1139746787040177)
13/11/2024 T 16:04:03 Total leads fetched for form WSV_BPL_FORM: 0
13/11/2024 T 16:04:03 Fetching leads for form: WSV-Ecommerce-inquiry-copy (ID: 312162618582684)
13/11/2024 T 16:04:03 Total leads fetched for form WSV-Ecommerce-inquiry-copy: 0
13/11/2024 T 16:04:03 Fetching leads for form: WSV-Ecommerce-inquiry (ID: 944797823847043)
13/11/2024 T 16:04:04 Error fetching leads for form WSV-Ecommerce-inquiry: Request failed with status code 400
13/11/2024 T 16:04:04 Fetching leads for form: WSV-form 2024-03-12 (ID: 973706101142690)
13/11/2024 T 16:04:04 Error fetching leads for form WSV-form 2024-03-12: Request failed with status code 400
13/11/2024 T 16:04:04 Fetching leads for form: WSV-USA (ID: 863586121922074)
13/11/2024 T 16:04:04 Error fetching leads for form WSV-USA: Request failed with status code 400
13/11/2024 T 16:04:04 Fetching leads for form: WSV-IND-5k-Offer (ID: 3149346392039107)
13/11/2024 T 16:04:05 Total leads fetched for form WSV-IND-5k-Offer: 0
13/11/2024 T 16:04:05 Fetching leads for form: web soft valley form-converted (ID: 274414704986762)
13/11/2024 T 16:04:05 Total leads fetched for form web soft valley form-converted: 0
13/11/2024 T 16:04:05 Fetching leads for form: Untitled form 03/18/23, 4:57 PM (ID: 588122046561462)
13/11/2024 T 16:04:05 Total leads fetched for form Untitled form 03/18/23, 4:57 PM: 0
13/11/2024 T 16:04:05 Fetching leads for form: web soft valley form (ID: 1510984725653262)
13/11/2024 T 16:04:06 Error fetching leads for form web soft valley form: Request failed with status code 400
13/11/2024 T 16:04:06 Fetching leads for form: Untitled form 2017-09-30 (ID: 135181980556689)
13/11/2024 T 16:04:06 Total leads fetched for form Untitled form 2017-09-30: 0
13/11/2024 T 16:05:00 allusers for start keaap alive functions  
13/11/2024 T 16:05:00 Username:-  karan
13/11/2024 T 16:05:00 FB token not availiable
13/11/2024 T 16:05:00 Username:-  shivay
13/11/2024 T 16:05:00 FB token not availiable
13/11/2024 T 16:05:00 Username:-  Shiv shambu
13/11/2024 T 16:05:00 FB token not availiable
13/11/2024 T 16:05:00 Username:-  Story Time
13/11/2024 T 16:05:00 FB token not availiable
13/11/2024 T 16:05:00 Username:-  Nina
13/11/2024 T 16:05:00 FB token not availiable
13/11/2024 T 16:05:00 Username:-  Demo
13/11/2024 T 16:05:00 FB token not availiable
13/11/2024 T 16:05:00 Username:-  kkk
13/11/2024 T 16:05:00 FB token not availiable
13/11/2024 T 16:05:00 Username:-  rajesgh
13/11/2024 T 16:05:00 FB token not availiable
13/11/2024 T 16:05:00 Username:-  naina nayak
13/11/2024 T 16:05:00 FB token not availiable
13/11/2024 T 16:05:00 Username:-  Shivani Sahu
13/11/2024 T 16:05:00 FB token not availiable
13/11/2024 T 16:05:00 Username:-  Karan Ghorse
13/11/2024 T 16:05:00 FB token not availiable
13/11/2024 T 16:05:00 Username:-  Naina Nayak
13/11/2024 T 16:05:00 FB token not availiable
13/11/2024 T 16:05:00 Username:-  Naina Nayak
13/11/2024 T 16:05:00 User FB token :-  EAAGWQI5stPcBO3hZAxS9hZBJGzxzsklmnah7OO6Di32KMZBKlMxaKqRXK6rpdNnoeeq6ebGTmCp4koU4jPzkIfgK5MGTtNtZCnWx3bOL8iRZA5c8gnA21NSNlnhg7dnZBG86PPeZC5Ia3B9uoyb3wZAWGxkLCf386nUxzxF0wEIdpfEolKZBF5C7msWSbOloqSHF6d93bWhPFk0ZCDXC15aiZA7TQdEZAk85rQr53zNumJ2vwZCPu4s7ZAMCJdIesJKRrPhJfQDAZDZD
13/11/2024 T 16:05:00 15 aagyi lead
13/11/2024 T 16:05:01 Total pages fetched: 1
13/11/2024 T 16:05:01 Processing page: Web Soft Valley Technologies (ID: 1062263437250835)
13/11/2024 T 16:05:01 Forms fetched for page Web Soft Valley Technologies: 12
13/11/2024 T 16:05:01 Fetching leads for form: WSV-Ecommerce-inquiry-USA (ID: 435844565878579)
13/11/2024 T 16:05:02 Total leads fetched for form WSV-Ecommerce-inquiry-USA: 0
13/11/2024 T 16:05:02 Fetching leads for form: WSV_BPL_FORM-copy (ID: 478791208014566)
13/11/2024 T 16:05:02 Total leads fetched for form WSV_BPL_FORM-copy: 25
13/11/2024 T 16:05:02 Pagination detected. Next page URL: https://graph.facebook.com/v20.0/478791208014566/leads?access_token=EAAGWQI5stPcBOZCRy5WeHVVZCFTP37mpVsgZBaD9TQ8VdIRXR92KnJYDqrLm66lkay4BaohBrJPlQxt4ZA1Vqx1hBylKr4ZBIAD7xDrEKgKXLtW5B7vHNCCNYWH7oMheXpvvx6fzKOJk6FhsUFLLYeYBpcVoM76gvlgatpPrE6kzjwWPgSaRPz2ARWME7oxqGeHUHzon5H3jZAaG5U&fields=id,created_time,field_data&limit=25&after=QVFIUmFoZATh1RjZABZAnBsdm5mQXVFa29ERFZATVE9XWVI5SVY1N1Y4NlFaeTczZAGVKZAkUyc3RLUlRLMFc0cjROdldUUWlCRDNRQ3FnRHFZARlVwc1NSN2pHRGRn
13/11/2024 T 16:05:02 Fetching leads for form: WSV_BPL_FORM (ID: 1139746787040177)
13/11/2024 T 16:05:03 Total leads fetched for form WSV_BPL_FORM: 0
13/11/2024 T 16:05:03 Fetching leads for form: WSV-Ecommerce-inquiry-copy (ID: 312162618582684)
13/11/2024 T 16:05:03 Total leads fetched for form WSV-Ecommerce-inquiry-copy: 0
13/11/2024 T 16:05:03 Fetching leads for form: WSV-Ecommerce-inquiry (ID: 944797823847043)
13/11/2024 T 16:05:03 Total leads fetched for form WSV-Ecommerce-inquiry: 0
13/11/2024 T 16:05:03 Fetching leads for form: WSV-form 2024-03-12 (ID: 973706101142690)
13/11/2024 T 16:05:04 Total leads fetched for form WSV-form 2024-03-12: 0
13/11/2024 T 16:05:04 Fetching leads for form: WSV-USA (ID: 863586121922074)
13/11/2024 T 16:05:04 Total leads fetched for form WSV-USA: 0
13/11/2024 T 16:05:04 Fetching leads for form: WSV-IND-5k-Offer (ID: 3149346392039107)
13/11/2024 T 16:05:04 Total leads fetched for form WSV-IND-5k-Offer: 0
13/11/2024 T 16:05:04 Fetching leads for form: web soft valley form-converted (ID: 274414704986762)
13/11/2024 T 16:05:05 Total leads fetched for form web soft valley form-converted: 0
13/11/2024 T 16:05:05 Fetching leads for form: Untitled form 03/18/23, 4:57 PM (ID: 588122046561462)
13/11/2024 T 16:05:05 Total leads fetched for form Untitled form 03/18/23, 4:57 PM: 0
13/11/2024 T 16:05:05 Fetching leads for form: web soft valley form (ID: 1510984725653262)
13/11/2024 T 16:05:05 Total leads fetched for form web soft valley form: 0
13/11/2024 T 16:05:05 Fetching leads for form: Untitled form 2017-09-30 (ID: 135181980556689)
13/11/2024 T 16:05:06 Total leads fetched for form Untitled form 2017-09-30: 0
